# JRE version: Java(TM) SE Runtime Environment (8.0_101-b13) (build 1.8.0_101-b13)
# Java VM: Java HotSpot(TM) 64-Bit Server VM (25.101-b13 mixed mode linux-amd64 compressed oops)
Heap:
 PSYoungGen      total 1155584K, used 0K [0x000000076ab00000, 0x00000007c0000000, 0x00000007c0000000)
  eden space 1011712K, 0% used [0x000000076ab00000,0x000000076ab00000,0x00000007a8700000)
  from space 143872K, 0% used [0x00000007a8700000,0x00000007a8700000,0x00000007b1380000)
  to   space 207360K, 0% used [0x00000007b3580000,0x00000007b3580000,0x00000007c0000000)
 ParOldGen       total 927232K, used 924689K [0x00000006c0000000, 0x00000006f8980000, 0x000000076ab00000)
  object space 927232K, 99% used [0x00000006c0000000,0x00000006f8704738,0x00000006f8980000)
 Metaspace       used 6543K, capacity 7346K, committed 7552K, reserved 1056768K
  class space    used 610K, capacity 618K, committed 640K, reserved 1048576K
GC Heap History (10 events):
Event: 91.249 GC heap after
Heap after GC invocations=20 (full 4):
 PSYoungGen      total 991744K, used 68613K [0x000000076ab00000, 0x00000007b0700000, 0x00000007c0000000)
  eden space 880640K, 0% used [0x000000076ab00000,0x000000076ab00000,0x00000007a0700000)
  from space 111104K, 61% used [0x00000007a7d00000,0x00000007ac001580,0x00000007ae980000)
  to   space 120832K, 0% used [0x00000007a0700000,0x00000007a0700000,0x00000007a7d00000)
 ParOldGen       total 666112K, used 457158K [0x00000006c0000000, 0x00000006e8a80000, 0x000000076ab00000)
  object space 666112K, 68% used [0x00000006c0000000,0x00000006dbe71a38,0x00000006e8a80000)
 Metaspace       used 6426K, capacity 7280K, committed 7552K, reserved 1056768K
  class space    used 604K, capacity 616K, committed 640K, reserved 1048576K
}
Event: 105.014 GC heap before
{Heap before GC invocations=21 (full 4):
 PSYoungGen      total 991744K, used 949253K [0x000000076ab00000, 0x00000007b0700000, 0x00000007c0000000)
  eden space 880640K, 100% used [0x000000076ab00000,0x00000007a0700000,0x00000007a0700000)
  from space 111104K, 61% used [0x00000007a7d00000,0x00000007ac001580,0x00000007ae980000)
  to   space 120832K, 0% used [0x00000007a0700000,0x00000007a0700000,0x00000007a7d00000)
 ParOldGen       total 666112K, used 457158K [0x00000006c0000000, 0x00000006e8a80000, 0x000000076ab00000)
  object space 666112K, 68% used [0x00000006c0000000,0x00000006dbe71a38,0x00000006e8a80000)
 Metaspace       used 6432K, capacity 7280K, committed 7552K, reserved 1056768K
  class space    used 604K, capacity 616K, committed 640K, reserved 1048576K
Event: 131.347 GC heap after
Heap after GC invocations=21 (full 4):
 PSYoungGen      total 1001472K, used 120831K [0x000000076ab00000, 0x00000007c0000000, 0x00000007c0000000)
  eden space 880640K, 0% used [0x000000076ab00000,0x000000076ab00000,0x00000007a0700000)
  from space 120832K, 99% used [0x00000007a0700000,0x00000007a7cffcd8,0x00000007a7d00000)
  to   space 175104K, 0% used [0x00000007b5500000,0x00000007b5500000,0x00000007c0000000)
 ParOldGen       total 666112K, used 549239K [0x00000006c0000000, 0x00000006e8a80000, 0x000000076ab00000)
  object space 666112K, 82% used [0x00000006c0000000,0x00000006e185dce8,0x00000006e8a80000)
 Metaspace       used 6432K, capacity 7280K, committed 7552K, reserved 1056768K
  class space    used 604K, capacity 616K, committed 640K, reserved 1048576K
}
Event: 136.240 GC heap before
{Heap before GC invocations=22 (full 4):
 PSYoungGen      total 1001472K, used 1001471K [0x000000076ab00000, 0x00000007c0000000, 0x00000007c0000000)
  eden space 880640K, 100% used [0x000000076ab00000,0x00000007a0700000,0x00000007a0700000)
  from space 120832K, 99% used [0x00000007a0700000,0x00000007a7cffcd8,0x00000007a7d00000)
  to   space 175104K, 0% used [0x00000007b5500000,0x00000007b5500000,0x00000007c0000000)
 ParOldGen       total 666112K, used 549239K [0x00000006c0000000, 0x00000006e8a80000, 0x000000076ab00000)
  object space 666112K, 82% used [0x00000006c0000000,0x00000006e185dce8,0x00000006e8a80000)
 Metaspace       used 6435K, capacity 7280K, committed 7552K, reserved 1056768K
  class space    used 604K, capacity 616K, committed 640K, reserved 1048576K
Event: 154.524 GC heap after
Heap after GC invocations=22 (full 4):
 PSYoungGen      total 1186816K, used 142414K [0x000000076ab00000, 0x00000007c0000000, 0x00000007c0000000)
  eden space 1011712K, 0% used [0x000000076ab00000,0x000000076ab00000,0x00000007a8700000)
  from space 175104K, 81% used [0x00000007b5500000,0x00000007be0139c0,0x00000007c0000000)
  to   space 193024K, 0% used [0x00000007a8700000,0x00000007a8700000,0x00000007b4380000)
 ParOldGen       total 670720K, used 670481K [0x00000006c0000000, 0x00000006e8f00000, 0x000000076ab00000)
  object space 670720K, 99% used [0x00000006c0000000,0x00000006e8ec4488,0x00000006e8f00000)
 Metaspace       used 6435K, capacity 7280K, committed 7552K, reserved 1056768K
  class space    used 604K, capacity 616K, committed 640K, reserved 1048576K
}
Event: 154.524 GC heap before
{Heap before GC invocations=23 (full 5):
 PSYoungGen      total 1186816K, used 142414K [0x000000076ab00000, 0x00000007c0000000, 0x00000007c0000000)
  eden space 1011712K, 0% used [0x000000076ab00000,0x000000076ab00000,0x00000007a8700000)
  from space 175104K, 81% used [0x00000007b5500000,0x00000007be0139c0,0x00000007c0000000)
  to   space 193024K, 0% used [0x00000007a8700000,0x00000007a8700000,0x00000007b4380000)
 ParOldGen       total 670720K, used 670481K [0x00000006c0000000, 0x00000006e8f00000, 0x000000076ab00000)
  object space 670720K, 99% used [0x00000006c0000000,0x00000006e8ec4488,0x00000006e8f00000)
 Metaspace       used 6435K, capacity 7280K, committed 7552K, reserved 1056768K
  class space    used 604K, capacity 616K, committed 640K, reserved 1048576K
Event: 159.237 GC heap after
Heap after GC invocations=23 (full 5):
 PSYoungGen      total 1186816K, used 124075K [0x000000076ab00000, 0x00000007c0000000, 0x00000007c0000000)
  eden space 1011712K, 0% used [0x000000076ab00000,0x000000076ab00000,0x00000007a8700000)
  from space 175104K, 70% used [0x00000007b5500000,0x00000007bce2ae10,0x00000007c0000000)
  to   space 193024K, 0% used [0x00000007a8700000,0x00000007a8700000,0x00000007b4380000)
 ParOldGen       total 927232K, used 670368K [0x00000006c0000000, 0x00000006f8980000, 0x000000076ab00000)
  object space 927232K, 72% used [0x00000006c0000000,0x00000006e8ea80b0,0x00000006f8980000)
 Metaspace       used 6435K, capacity 7280K, committed 7552K, reserved 1056768K
  class space    used 604K, capacity 616K, committed 640K, reserved 1048576K
}
Event: 177.562 GC heap before
{Heap before GC invocations=24 (full 5):
 PSYoungGen      total 1186816K, used 1135787K [0x000000076ab00000, 0x00000007c0000000, 0x00000007c0000000)
  eden space 1011712K, 100% used [0x000000076ab00000,0x00000007a8700000,0x00000007a8700000)
  from space 175104K, 70% used [0x00000007b5500000,0x00000007bce2ae10,0x00000007c0000000)
  to   space 193024K, 0% used [0x00000007a8700000,0x00000007a8700000,0x00000007b4380000)
 ParOldGen       total 927232K, used 670368K [0x00000006c0000000, 0x00000006f8980000, 0x000000076ab00000)
  object space 927232K, 72% used [0x00000006c0000000,0x00000006e8ea80b0,0x00000006f8980000)
 Metaspace       used 6543K, capacity 7346K, committed 7552K, reserved 1056768K
  class space    used 610K, capacity 618K, committed 640K, reserved 1048576K
Event: 200.953 GC heap after
Heap after GC invocations=24 (full 5):
 PSYoungGen      total 1155584K, used 143592K [0x000000076ab00000, 0x00000007c0000000, 0x00000007c0000000)
  eden space 1011712K, 0% used [0x000000076ab00000,0x000000076ab00000,0x00000007a8700000)
  from space 143872K, 99% used [0x00000007a8700000,0x00000007b133a1b0,0x00000007b1380000)
  to   space 207360K, 0% used [0x00000007b3580000,0x00000007b3580000,0x00000007c0000000)
 ParOldGen       total 927232K, used 791114K [0x00000006c0000000, 0x00000006f8980000, 0x000000076ab00000)
  object space 927232K, 85% used [0x00000006c0000000,0x00000006f04929a0,0x00000006f8980000)
 Metaspace       used 6543K, capacity 7346K, committed 7552K, reserved 1056768K
  class space    used 610K, capacity 618K, committed 640K, reserved 1048576K
}
Event: 200.996 GC heap before
{Heap before GC invocations=25 (full 6):
 PSYoungGen      total 1155584K, used 143592K [0x000000076ab00000, 0x00000007c0000000, 0x00000007c0000000)
  eden space 1011712K, 0% used [0x000000076ab00000,0x000000076ab00000,0x00000007a8700000)
  from space 143872K, 99% used [0x00000007a8700000,0x00000007b133a1b0,0x00000007b1380000)
  to   space 207360K, 0% used [0x00000007b3580000,0x00000007b3580000,0x00000007c0000000)
 ParOldGen       total 927232K, used 791114K [0x00000006c0000000, 0x00000006f8980000, 0x000000076ab00000)
  object space 927232K, 85% used [0x00000006c0000000,0x00000006f04929a0,0x00000006f8980000)
 Metaspace       used 6543K, capacity 7346K, committed 7552K, reserved 1056768K
  class space    used 610K, capacity 618K, committed 640K, reserved 1048576K

